<?xml version="1.0" encoding="UTF-8"?>
<!-- Generated by org.testng.reporters.JUnitXMLReporter -->
<testsuite ignored="0" hostname="DESKTOP-Q8QP20L" failures="1" tests="2" name="Linux-Chrome" time="24.897" errors="0" timestamp="2025-09-16T18:41:54 BST">
  <testcase classname="testCases.TC001_AccountRegistrationTest" name="verify_account_registration" time="3.969"/>
  <testcase classname="testCases.TC002_LoginTest" name="verify_login" time="12.416">
    <failure type="java.lang.AssertionError" message="expected [true] but found [false]">
      <![CDATA[java.lang.AssertionError: expected [true] but found [false]
at testCases.TC002_LoginTest.verify_login(TC002_LoginTest.java:36)
at java.base/java.util.ArrayList.forEach(ArrayList.java:1597)
... Removed 29 stack frames]]>
    </failure>
  </testcase> <!-- verify_login -->
</testsuite> <!-- Linux-Chrome -->
